2025-11-07 18:52:21.008 [main] INFO  r.s.t.c.laba2.jdbc.UserDAOTest - Инициализация тестового окружения UserDAO
2025-11-07 18:52:21.080 [main] DEBUG r.s.t.c.laba2.jdbc.UserDAOTest - Создан тестовый пользователь: User{id=null, login='testuser_леонид_попов_1762527141078', role=USER, password='***'}
2025-11-07 18:52:21.087 [main] INFO  r.s.t.c.laba2.jdbc.UserDAOTest - Запуск теста: создание пользователя
2025-11-07 18:52:21.347 [main] INFO  r.s.t.c.laba2.jdbc.UserDAOTest - Успешно создан пользователь с ID: 7
2025-11-07 18:52:21.354 [main] INFO  r.s.t.c.laba2.jdbc.UserDAOTest - Запуск теста: поиск пользователя по ID
2025-11-07 18:52:21.389 [main] DEBUG r.s.t.c.laba2.jdbc.UserDAOTest - Найден пользователь: User{id=7, login='testuser_леонид_попов_1762527141078', role=USER, password='***'}
2025-11-07 18:52:21.391 [main] INFO  r.s.t.c.laba2.jdbc.UserDAOTest - Запуск теста: поиск пользователя по логину
2025-11-07 18:52:21.415 [main] DEBUG r.s.t.c.laba2.jdbc.UserDAOTest - Найден пользователь по логину testuser_леонид_попов_1762527141078: User{id=7, login='testuser_леонид_попов_1762527141078', role=USER, password='***'}
2025-11-07 18:52:21.416 [main] INFO  r.s.t.c.laba2.jdbc.UserDAOTest - Запуск теста: получение всех пользователей
2025-11-07 18:52:21.442 [main] INFO  r.s.t.c.laba2.jdbc.UserDAOTest - Найдено 4 пользователей
2025-11-07 18:52:21.444 [main] INFO  r.s.t.c.laba2.jdbc.UserDAOTest - Запуск теста: поиск пользователей по роли
2025-11-07 18:52:21.466 [main] INFO  r.s.t.c.laba2.jdbc.UserDAOTest - Найдено 4 пользователей с ролью USER
2025-11-07 18:52:21.467 [main] INFO  r.s.t.c.laba2.jdbc.UserDAOTest - Запуск теста: обновление пользователя
2025-11-07 18:52:21.515 [main] INFO  r.s.t.c.laba2.jdbc.UserDAOTest - Пользователь успешно обновлен: User{id=7, login='testuser_борис_попов_1762527141468', role=ADMIN, password='***'}
2025-11-07 18:52:21.517 [main] INFO  r.s.t.c.laba2.jdbc.UserDAOTest - Запуск теста: создание нескольких пользователей с Faker
2025-11-07 18:52:21.539 [main] DEBUG r.s.t.c.laba2.jdbc.UserDAOTest - Создан случайный пользователь #1/5: User{id=8, login='testuser_николай_овчинников_1762527141518', role=USER, password='***'}
2025-11-07 18:52:21.564 [main] DEBUG r.s.t.c.laba2.jdbc.UserDAOTest - Создан случайный пользователь #2/5: User{id=9, login='testuser_клавдия_миронов_1762527141539', role=USER, password='***'}
2025-11-07 18:52:21.601 [main] DEBUG r.s.t.c.laba2.jdbc.UserDAOTest - Создан случайный пользователь #3/5: User{id=10, login='testuser_галина_гурьев_1762527141564', role=ADMIN, password='***'}
2025-11-07 18:52:21.630 [main] DEBUG r.s.t.c.laba2.jdbc.UserDAOTest - Создан случайный пользователь #4/5: User{id=11, login='testuser_даниил_силин_1762527141602', role=USER, password='***'}
2025-11-07 18:52:21.655 [main] DEBUG r.s.t.c.laba2.jdbc.UserDAOTest - Создан случайный пользователь #5/5: User{id=12, login='testuser_софия_богданов_1762527141631', role=USER, password='***'}
2025-11-07 18:52:21.656 [main] INFO  r.s.t.c.laba2.jdbc.UserDAOTest - Успешно создано 5 случайных пользователей
2025-11-07 18:52:21.657 [main] INFO  r.s.t.c.laba2.jdbc.UserDAOTest - Запуск теста: поиск по ролям после создания нескольких пользователей
2025-11-07 18:52:21.699 [main] INFO  r.s.t.c.laba2.jdbc.UserDAOTest - Найдено 2 администраторов и 7 обычных пользователей
2025-11-07 18:52:21.700 [main] DEBUG r.s.t.c.laba2.jdbc.UserDAOTest - Администратор: User{id=7, login='testuser_борис_попов_1762527141468', role=ADMIN, password='***'}
2025-11-07 18:52:21.700 [main] DEBUG r.s.t.c.laba2.jdbc.UserDAOTest - Администратор: User{id=10, login='testuser_галина_гурьев_1762527141564', role=ADMIN, password='***'}
2025-11-07 18:52:21.700 [main] DEBUG r.s.t.c.laba2.jdbc.UserDAOTest - Обычный пользователь: User{id=2, login='testuser', role=USER, password='***'}
2025-11-07 18:52:21.700 [main] DEBUG r.s.t.c.laba2.jdbc.UserDAOTest - Обычный пользователь: User{id=3, login='testuser2', role=USER, password='***'}
2025-11-07 18:52:21.701 [main] DEBUG r.s.t.c.laba2.jdbc.UserDAOTest - Обычный пользователь: User{id=6, login='testuser123', role=USER, password='***'}
2025-11-07 18:52:21.702 [main] INFO  r.s.t.c.laba2.jdbc.UserDAOTest - Запуск теста: удаление пользователя по логину
2025-11-07 18:52:21.764 [main] INFO  r.s.t.c.laba2.jdbc.UserDAOTest - Пользователь с логином testuser_евгения_бирюкова_1762527141702 успешно удален
2025-11-07 18:52:21.765 [main] INFO  r.s.t.c.laba2.jdbc.UserDAOTest - Запуск теста: удаление основного тестового пользователя по ID
2025-11-07 18:52:21.805 [main] INFO  r.s.t.c.laba2.jdbc.UserDAOTest - Основной тестовый пользователь с ID 7 успешно удален
2025-11-07 18:52:21.806 [main] INFO  r.s.t.c.laba2.jdbc.UserDAOTest - Запуск теста: проверка граничных случаев
2025-11-07 18:52:21.854 [main] INFO  r.s.t.c.laba2.jdbc.UserDAOTest - Все граничные случаи обработаны корректно
2025-11-07 18:52:21.856 [main] INFO  r.s.t.c.laba2.jdbc.UserDAOTest - Запуск теста: создание пользователя со специальными символами
2025-11-07 18:52:21.905 [main] INFO  r.s.t.c.laba2.jdbc.UserDAOTest - Тест со специальными символами завершен успешно
2025-11-07 18:52:21.907 [main] INFO  r.s.t.c.laba2.jdbc.UserDAOTest - Запуск теста производительности: поиск всех пользователей
2025-11-07 18:52:21.924 [main] INFO  r.s.t.c.laba2.jdbc.UserDAOTest - Поиск всех пользователей выполнен за 17 мс. Найдено 8 записей
2025-11-07 18:52:21.926 [main] INFO  r.s.t.c.laba2.jdbc.UserDAOTest - Завершение тестов UserDAO
2025-11-07 19:04:26.875 [main] INFO  r.s.t.c.laba2.jdbc.FunctionDAOTest - Инициализация тестового окружения FunctionDAO
2025-11-07 19:04:26.936 [main] DEBUG r.s.t.c.laba2.jdbc.FunctionDAOTest - Создана тестовая функция: Function{id=null, userId=1, name='test_func_reiciendis_1762527866935', signature='4'}
2025-11-07 19:04:26.944 [main] INFO  r.s.t.c.laba2.jdbc.FunctionDAOTest - Запуск теста: создание функции
2025-11-07 19:04:27.224 [main] INFO  r.s.t.c.laba2.jdbc.FunctionDAOTest - Успешно создана функция с ID: 1
2025-11-07 19:04:27.230 [main] INFO  r.s.t.c.laba2.jdbc.FunctionDAOTest - Запуск теста: поиск функции по ID
2025-11-07 19:04:27.273 [main] DEBUG r.s.t.c.laba2.jdbc.FunctionDAOTest - Найдена функция: Function{id=1, userId=1, name='test_func_reiciendis_1762527866935', signature='4'}
2025-11-07 19:04:27.275 [main] INFO  r.s.t.c.laba2.jdbc.FunctionDAOTest - Запуск теста: поиск функций по ID пользователя
2025-11-07 19:04:27.297 [main] INFO  r.s.t.c.laba2.jdbc.FunctionDAOTest - Найдено 1 функций для пользователя с ID: 1
2025-11-07 19:04:27.299 [main] INFO  r.s.t.c.laba2.jdbc.FunctionDAOTest - Запуск теста: поиск функций по имени (частичное совпадение)
2025-11-07 19:04:27.333 [main] INFO  r.s.t.c.laba2.jdbc.FunctionDAOTest - Найдено 1 функций по частичному имени 'test_fun'
2025-11-07 19:04:27.334 [main] INFO  r.s.t.c.laba2.jdbc.FunctionDAOTest - Запуск теста: поиск функций по имени и ID пользователя
2025-11-07 19:04:27.356 [main] DEBUG r.s.t.c.laba2.jdbc.FunctionDAOTest - Найдена функция по имени и пользователю: Function{id=1, userId=1, name='test_func_reiciendis_1762527866935', signature='4'}
2025-11-07 19:04:27.357 [main] INFO  r.s.t.c.laba2.jdbc.FunctionDAOTest - Запуск теста: проверка существования функции по имени и пользователю
2025-11-07 19:04:27.395 [main] INFO  r.s.t.c.laba2.jdbc.FunctionDAOTest - Проверка существования функции завершена успешно
2025-11-07 19:04:27.396 [main] INFO  r.s.t.c.laba2.jdbc.FunctionDAOTest - Запуск теста: обновление функции
2025-11-07 19:04:27.439 [main] INFO  r.s.t.c.laba2.jdbc.FunctionDAOTest - Функция успешно обновлена: Function{id=1, userId=2, name='updated_func_1762527867397', signature='4'}
2025-11-07 19:04:27.440 [main] INFO  r.s.t.c.laba2.jdbc.FunctionDAOTest - Запуск теста: обновление только сигнатуры функции
2025-11-07 19:04:27.484 [main] INFO  r.s.t.c.laba2.jdbc.FunctionDAOTest - Сигнатура функции успешно обновлена
2025-11-07 19:04:27.485 [main] INFO  r.s.t.c.laba2.jdbc.FunctionDAOTest - Запуск теста: подсчет количества функций пользователя
2025-11-07 19:04:27.633 [main] INFO  r.s.t.c.laba2.jdbc.FunctionDAOTest - Подсчет функций: до=1, после=2
2025-11-07 19:04:27.635 [main] INFO  r.s.t.c.laba2.jdbc.FunctionDAOTest - Запуск теста: создание нескольких функций с Faker
2025-11-07 19:04:27.659 [main] DEBUG r.s.t.c.laba2.jdbc.FunctionDAOTest - Создана случайная функция #1/5: Function{id=3, userId=1, name='test_func_ea_1762527867635', signature='1'}
2025-11-07 19:04:27.684 [main] DEBUG r.s.t.c.laba2.jdbc.FunctionDAOTest - Создана случайная функция #2/5: Function{id=4, userId=1, name='test_func_id_1762527867659', signature='4'}
2025-11-07 19:04:27.709 [main] DEBUG r.s.t.c.laba2.jdbc.FunctionDAOTest - Создана случайная функция #3/5: Function{id=5, userId=1, name='test_func_eum_1762527867684', signature='1'}
2025-11-07 19:04:27.733 [main] DEBUG r.s.t.c.laba2.jdbc.FunctionDAOTest - Создана случайная функция #4/5: Function{id=6, userId=1, name='test_func_veritatis_1762527867709', signature='x^2'}
2025-11-07 19:04:27.759 [main] DEBUG r.s.t.c.laba2.jdbc.FunctionDAOTest - Создана случайная функция #5/5: Function{id=7, userId=1, name='test_func_aut_1762527867734', signature='x'}
2025-11-07 19:04:27.759 [main] INFO  r.s.t.c.laba2.jdbc.FunctionDAOTest - Успешно создано 5 случайных функций
2025-11-07 19:04:27.760 [main] INFO  r.s.t.c.laba2.jdbc.FunctionDAOTest - Запуск теста: получение всех функций
2025-11-07 19:04:27.777 [main] INFO  r.s.t.c.laba2.jdbc.FunctionDAOTest - Найдено 6 функций в базе данных
2025-11-07 19:04:27.778 [main] DEBUG r.s.t.c.laba2.jdbc.FunctionDAOTest - Функция из общего списка: Function{id=1, userId=2, name='updated_func_1762527867397', signature='String processData(int input, String config)'}
2025-11-07 19:04:27.778 [main] DEBUG r.s.t.c.laba2.jdbc.FunctionDAOTest - Функция из общего списка: Function{id=3, userId=1, name='test_func_ea_1762527867635', signature='1'}
2025-11-07 19:04:27.778 [main] DEBUG r.s.t.c.laba2.jdbc.FunctionDAOTest - Функция из общего списка: Function{id=4, userId=1, name='test_func_id_1762527867659', signature='4'}
2025-11-07 19:04:27.780 [main] INFO  r.s.t.c.laba2.jdbc.FunctionDAOTest - Запуск теста: проверка граничных случаев
2025-11-07 19:04:27.861 [main] INFO  r.s.t.c.laba2.jdbc.FunctionDAOTest - Все граничные случаи обработаны корректно
2025-11-07 19:04:27.863 [main] INFO  r.s.t.c.laba2.jdbc.FunctionDAOTest - Запуск теста: создание функции со специальными символами
2025-11-07 19:04:27.925 [main] INFO  r.s.t.c.laba2.jdbc.FunctionDAOTest - Тест со специальными символами завершен успешно
2025-11-07 19:04:27.926 [main] INFO  r.s.t.c.laba2.jdbc.FunctionDAOTest - Запуск теста: удаление всех функций пользователя
2025-11-07 19:04:28.057 [main] INFO  r.s.t.c.laba2.jdbc.FunctionDAOTest - Успешно удалено 3 функций пользователя с ID: 999
2025-11-07 19:04:28.058 [main] INFO  r.s.t.c.laba2.jdbc.FunctionDAOTest - Запуск теста: удаление основной тестовой функции по ID
2025-11-07 19:04:28.090 [main] INFO  r.s.t.c.laba2.jdbc.FunctionDAOTest - Основная тестовая функция с ID 3 успешно удалена
2025-11-07 19:04:28.092 [main] INFO  r.s.t.c.laba2.jdbc.FunctionDAOTest - Запуск теста производительности: поиск всех функций
2025-11-07 19:04:28.108 [main] INFO  r.s.t.c.laba2.jdbc.FunctionDAOTest - Поиск всех функций выполнен за 16 мс. Найдено 5 записей
2025-11-07 19:04:28.110 [main] INFO  r.s.t.c.laba2.jdbc.FunctionDAOTest - Завершение тестов functionDAO
2025-11-07 19:13:43.816 [main] INFO  r.s.t.c.laba2.jdbc.PointDAOTest - Инициализация тестового окружения PointDAO
2025-11-07 19:13:43.841 [main] DEBUG r.s.t.c.laba2.jdbc.PointDAOTest - Создана тестовая точка: Point{id=null, functionId=1, x=-98,93, y=-80,79}
2025-11-07 19:13:43.853 [main] INFO  r.s.t.c.laba2.jdbc.PointDAOTest - Запуск теста: создание точки
2025-11-07 19:13:44.160 [main] INFO  r.s.t.c.laba2.jdbc.PointDAOTest - Успешно создана точка с ID: 1
2025-11-07 19:13:44.170 [main] INFO  r.s.t.c.laba2.jdbc.PointDAOTest - Запуск теста: поиск точки по ID
2025-11-07 19:13:44.207 [main] DEBUG r.s.t.c.laba2.jdbc.PointDAOTest - Найдена точка: Point{id=1, functionId=1, x=-98,93, y=-80,79}
2025-11-07 19:13:44.209 [main] INFO  r.s.t.c.laba2.jdbc.PointDAOTest - Запуск теста: поиск точек по ID функции
2025-11-07 19:13:44.270 [main] INFO  r.s.t.c.laba2.jdbc.PointDAOTest - Найдено 1 точек для функции с ID: 1
2025-11-07 19:13:44.272 [main] INFO  r.s.t.c.laba2.jdbc.PointDAOTest - Запуск теста: поиск точек по диапазону X значений
2025-11-07 19:13:44.506 [main] INFO  r.s.t.c.laba2.jdbc.PointDAOTest - Найдено 1 точек в диапазоне X [20, 40]
2025-11-07 19:13:44.591 [main] INFO  r.s.t.c.laba2.jdbc.PointDAOTest - Запуск теста: поиск точек по диапазону Y значений
2025-11-07 19:13:44.681 [main] INFO  r.s.t.c.laba2.jdbc.PointDAOTest - Найдено 1 точек в диапазоне Y [-5, 5]
2025-11-07 19:13:44.757 [main] INFO  r.s.t.c.laba2.jdbc.PointDAOTest - Запуск теста: поиск точки по functionId и X значению
2025-11-07 19:13:44.795 [main] DEBUG r.s.t.c.laba2.jdbc.PointDAOTest - Найдена точка по functionId и X: Point{id=8, functionId=1, x=123,46, y=789,01}
2025-11-07 19:13:44.816 [main] INFO  r.s.t.c.laba2.jdbc.PointDAOTest - Запуск теста: массовое добавление точек
2025-11-07 19:13:44.854 [main] INFO  r.s.t.c.laba2.jdbc.PointDAOTest - Массовое добавление 10 точек выполнено за 22 мс
2025-11-07 19:13:44.873 [main] INFO  r.s.t.c.laba2.jdbc.PointDAOTest - Запуск теста: обновление точки
2025-11-07 19:13:44.896 [main] INFO  r.s.t.c.laba2.jdbc.PointDAOTest - Запуск теста: обновление только Y значения точки
2025-11-07 19:13:44.913 [main] INFO  r.s.t.c.laba2.jdbc.PointDAOTest - Запуск теста: подсчет количества точек функции
2025-11-07 19:13:45.006 [main] INFO  r.s.t.c.laba2.jdbc.PointDAOTest - Количество точек функции: до=0, после=3
2025-11-07 19:13:45.024 [main] INFO  r.s.t.c.laba2.jdbc.PointDAOTest - Запуск теста: проверка существования точки по functionId и X
2025-11-07 19:13:45.043 [main] INFO  r.s.t.c.laba2.jdbc.PointDAOTest - Запуск теста: получение диапазона X для функции
2025-11-07 19:13:45.151 [main] INFO  r.s.t.c.laba2.jdbc.PointDAOTest - Диапазон X для функции: min=-100.0, max=100.0
2025-11-07 19:13:45.182 [main] INFO  r.s.t.c.laba2.jdbc.PointDAOTest - Запуск теста: создание нескольких точек с Faker
2025-11-07 19:13:45.206 [main] DEBUG r.s.t.c.laba2.jdbc.PointDAOTest - Создана случайная точка #1/8: Point{id=25, functionId=1, x=-78,04, y=-59,40}
2025-11-07 19:13:45.231 [main] DEBUG r.s.t.c.laba2.jdbc.PointDAOTest - Создана случайная точка #2/8: Point{id=26, functionId=1, x=45,14, y=61,75}
2025-11-07 19:13:45.256 [main] DEBUG r.s.t.c.laba2.jdbc.PointDAOTest - Создана случайная точка #3/8: Point{id=27, functionId=1, x=64,91, y=5,96}
2025-11-07 19:13:45.272 [main] DEBUG r.s.t.c.laba2.jdbc.PointDAOTest - Создана случайная точка #4/8: Point{id=28, functionId=1, x=-2,36, y=-37,89}
2025-11-07 19:13:45.290 [main] DEBUG r.s.t.c.laba2.jdbc.PointDAOTest - Создана случайная точка #5/8: Point{id=29, functionId=1, x=13,10, y=-0,08}
2025-11-07 19:13:45.339 [main] DEBUG r.s.t.c.laba2.jdbc.PointDAOTest - Создана случайная точка #6/8: Point{id=30, functionId=1, x=45,95, y=-74,30}
2025-11-07 19:13:45.364 [main] DEBUG r.s.t.c.laba2.jdbc.PointDAOTest - Создана случайная точка #7/8: Point{id=31, functionId=1, x=76,04, y=-19,07}
2025-11-07 19:13:45.381 [main] DEBUG r.s.t.c.laba2.jdbc.PointDAOTest - Создана случайная точка #8/8: Point{id=32, functionId=1, x=-83,75, y=23,06}
2025-11-07 19:13:45.381 [main] INFO  r.s.t.c.laba2.jdbc.PointDAOTest - Успешно создано 8 случайных точек
2025-11-07 19:13:45.382 [main] INFO  r.s.t.c.laba2.jdbc.PointDAOTest - Запуск теста: получение всех точек
2025-11-07 19:13:45.398 [main] INFO  r.s.t.c.laba2.jdbc.PointDAOTest - Запуск теста: проверка граничных случаев
2025-11-07 19:13:45.482 [main] INFO  r.s.t.c.laba2.jdbc.PointDAOTest - Все граничные случаи обработаны корректно
2025-11-07 19:13:45.484 [main] INFO  r.s.t.c.laba2.jdbc.PointDAOTest - Запуск теста: создание точек с экстремальными значениями
2025-11-07 19:13:45.539 [main] DEBUG r.s.t.c.laba2.jdbc.PointDAOTest - Протестированы экстремальные значения: x=4.9E-324, y=1.7976931348623157E308
2025-11-07 19:13:45.590 [main] DEBUG r.s.t.c.laba2.jdbc.PointDAOTest - Протестированы экстремальные значения: x=-1.7976931348623157E308, y=4.9E-324
2025-11-07 19:13:45.706 [main] DEBUG r.s.t.c.laba2.jdbc.PointDAOTest - Протестированы экстремальные значения: x=0.0, y=0.0
2025-11-07 19:13:45.772 [main] DEBUG r.s.t.c.laba2.jdbc.PointDAOTest - Протестированы экстремальные значения: x=-1.0E-10, y=1.0E10
2025-11-07 19:13:45.822 [main] DEBUG r.s.t.c.laba2.jdbc.PointDAOTest - Протестированы экстремальные значения: x=3.141592653589793, y=2.718281828459045
2025-11-07 19:13:45.822 [main] INFO  r.s.t.c.laba2.jdbc.PointDAOTest - Все экстремальные значения обработаны успешно
2025-11-07 19:13:45.824 [main] INFO  r.s.t.c.laba2.jdbc.PointDAOTest - Запуск теста: удаление всех точек функции
2025-11-07 19:13:46.076 [main] INFO  r.s.t.c.laba2.jdbc.PointDAOTest - Успешно удалено 4 точек функции с ID: 201
2025-11-07 19:13:46.078 [main] INFO  r.s.t.c.laba2.jdbc.PointDAOTest - Запуск теста: удаление основной тестовой точки по ID
2025-11-07 19:13:46.097 [main] INFO  r.s.t.c.laba2.jdbc.PointDAOTest - Запуск теста производительности: поиск всех точек
2025-11-07 19:13:46.111 [main] INFO  r.s.t.c.laba2.jdbc.PointDAOTest - Поиск всех точек выполнен за 14 мс. Найдено 8 записей
2025-11-07 19:13:46.112 [main] INFO  r.s.t.c.laba2.jdbc.PointDAOTest - Запуск теста: симуляция математических функций
2025-11-07 19:13:46.285 [main] DEBUG r.s.t.c.laba2.jdbc.PointDAOTest - Создана линейная функция y = 2.0x + 1.0 с 11 точками
2025-11-07 19:13:46.373 [main] DEBUG r.s.t.c.laba2.jdbc.PointDAOTest - Создана квадратичная функция y = 1.0x^2 + 0.0x + 0.0 с 11 точками
2025-11-07 19:13:46.414 [main] DEBUG r.s.t.c.laba2.jdbc.PointDAOTest - Создана синусоида y = 1.0*sin(1.0*x) с 21 точками
2025-11-07 19:13:46.431 [main] INFO  r.s.t.c.laba2.jdbc.PointDAOTest - Симуляция математических функций завершена успешно
2025-11-07 19:13:46.433 [main] INFO  r.s.t.c.laba2.jdbc.PointDAOTest - Завершение тестов PointDAO
2025-11-07 19:17:53.205 [main] INFO  r.s.t.c.laba2.jdbc.PointDAOTest - Инициализация тестового окружения PointDAO
2025-11-07 19:17:53.223 [main] DEBUG r.s.t.c.laba2.jdbc.PointDAOTest - Создана тестовая точка: Point{id=null, functionId=1, x=25,13, y=-46,52}
2025-11-07 19:17:53.234 [main] INFO  r.s.t.c.laba2.jdbc.PointDAOTest - Запуск теста: обновление точки
2025-11-07 19:17:53.545 [main] INFO  r.s.t.c.laba2.jdbc.PointDAOTest - Завершение тестов PointDAO
2025-11-07 19:18:20.926 [main] INFO  r.s.t.c.laba2.jdbc.PointDAOTest - Инициализация тестового окружения PointDAO
2025-11-07 19:18:20.944 [main] DEBUG r.s.t.c.laba2.jdbc.PointDAOTest - Создана тестовая точка: Point{id=null, functionId=1, x=-1,66, y=83,01}
2025-11-07 19:18:20.956 [main] INFO  r.s.t.c.laba2.jdbc.PointDAOTest - Запуск теста: создание точки
2025-11-07 19:18:21.234 [main] INFO  r.s.t.c.laba2.jdbc.PointDAOTest - Успешно создана точка с ID: 85
2025-11-07 19:18:21.248 [main] INFO  r.s.t.c.laba2.jdbc.PointDAOTest - Запуск теста: поиск точки по ID
2025-11-07 19:18:21.296 [main] DEBUG r.s.t.c.laba2.jdbc.PointDAOTest - Найдена точка: Point{id=85, functionId=1, x=-1,66, y=83,01}
2025-11-07 19:18:21.298 [main] INFO  r.s.t.c.laba2.jdbc.PointDAOTest - Запуск теста: поиск точек по ID функции
2025-11-07 19:18:21.328 [main] INFO  r.s.t.c.laba2.jdbc.PointDAOTest - Найдено 9 точек для функции с ID: 1
2025-11-07 19:18:21.330 [main] INFO  r.s.t.c.laba2.jdbc.PointDAOTest - Запуск теста: поиск точек по диапазону X значений
2025-11-07 19:18:21.428 [main] INFO  r.s.t.c.laba2.jdbc.PointDAOTest - Найдено 1 точек в диапазоне X [20, 40]
2025-11-07 19:18:21.504 [main] INFO  r.s.t.c.laba2.jdbc.PointDAOTest - Запуск теста: поиск точек по диапазону Y значений
2025-11-07 19:18:21.593 [main] INFO  r.s.t.c.laba2.jdbc.PointDAOTest - Найдено 2 точек в диапазоне Y [-5, 5]
2025-11-07 19:18:21.669 [main] INFO  r.s.t.c.laba2.jdbc.PointDAOTest - Запуск теста: поиск точки по functionId и X значению
2025-11-07 19:18:21.708 [main] DEBUG r.s.t.c.laba2.jdbc.PointDAOTest - Найдена точка по functionId и X: Point{id=92, functionId=1, x=123,46, y=789,01}
2025-11-07 19:18:21.735 [main] INFO  r.s.t.c.laba2.jdbc.PointDAOTest - Запуск теста: массовое добавление точек
2025-11-07 19:18:21.816 [main] INFO  r.s.t.c.laba2.jdbc.PointDAOTest - Массовое добавление 10 точек выполнено за 24 мс
2025-11-07 19:18:21.843 [main] INFO  r.s.t.c.laba2.jdbc.PointDAOTest - Запуск теста: обновление точки
2025-11-07 19:18:21.867 [main] INFO  r.s.t.c.laba2.jdbc.PointDAOTest - Запуск теста: обновление только Y значения точки
2025-11-07 19:18:21.886 [main] INFO  r.s.t.c.laba2.jdbc.PointDAOTest - Запуск теста: подсчет количества точек функции
2025-11-07 19:18:21.984 [main] INFO  r.s.t.c.laba2.jdbc.PointDAOTest - Количество точек функции: до=0, после=3
2025-11-07 19:18:22.012 [main] INFO  r.s.t.c.laba2.jdbc.PointDAOTest - Запуск теста: проверка существования точки по functionId и X
2025-11-07 19:18:22.038 [main] INFO  r.s.t.c.laba2.jdbc.PointDAOTest - Запуск теста: получение диапазона X для функции
2025-11-07 19:18:22.126 [main] INFO  r.s.t.c.laba2.jdbc.PointDAOTest - Диапазон X для функции: min=-100.0, max=100.0
2025-11-07 19:18:22.151 [main] INFO  r.s.t.c.laba2.jdbc.PointDAOTest - Запуск теста: создание нескольких точек с Faker
2025-11-07 19:18:22.175 [main] DEBUG r.s.t.c.laba2.jdbc.PointDAOTest - Создана случайная точка #1/8: Point{id=109, functionId=1, x=-19,12, y=5,25}
2025-11-07 19:18:22.200 [main] DEBUG r.s.t.c.laba2.jdbc.PointDAOTest - Создана случайная точка #2/8: Point{id=110, functionId=1, x=77,31, y=94,69}
2025-11-07 19:18:22.225 [main] DEBUG r.s.t.c.laba2.jdbc.PointDAOTest - Создана случайная точка #3/8: Point{id=111, functionId=1, x=-3,93, y=91,43}
2025-11-07 19:18:22.242 [main] DEBUG r.s.t.c.laba2.jdbc.PointDAOTest - Создана случайная точка #4/8: Point{id=112, functionId=1, x=90,53, y=77,97}
2025-11-07 19:18:22.258 [main] DEBUG r.s.t.c.laba2.jdbc.PointDAOTest - Создана случайная точка #5/8: Point{id=113, functionId=1, x=-77,16, y=-74,10}
2025-11-07 19:18:22.276 [main] DEBUG r.s.t.c.laba2.jdbc.PointDAOTest - Создана случайная точка #6/8: Point{id=114, functionId=1, x=-17,49, y=87,29}
2025-11-07 19:18:22.309 [main] DEBUG r.s.t.c.laba2.jdbc.PointDAOTest - Создана случайная точка #7/8: Point{id=115, functionId=1, x=-70,66, y=76,75}
2025-11-07 19:18:22.343 [main] DEBUG r.s.t.c.laba2.jdbc.PointDAOTest - Создана случайная точка #8/8: Point{id=116, functionId=1, x=9,51, y=-38,71}
2025-11-07 19:18:22.344 [main] INFO  r.s.t.c.laba2.jdbc.PointDAOTest - Успешно создано 8 случайных точек
2025-11-07 19:18:22.349 [main] INFO  r.s.t.c.laba2.jdbc.PointDAOTest - Запуск теста: получение всех точек
2025-11-07 19:18:22.391 [main] INFO  r.s.t.c.laba2.jdbc.PointDAOTest - Запуск теста: проверка граничных случаев
2025-11-07 19:18:22.477 [main] INFO  r.s.t.c.laba2.jdbc.PointDAOTest - Все граничные случаи обработаны корректно
2025-11-07 19:18:22.479 [main] INFO  r.s.t.c.laba2.jdbc.PointDAOTest - Запуск теста: создание точек с экстремальными значениями
2025-11-07 19:18:22.533 [main] DEBUG r.s.t.c.laba2.jdbc.PointDAOTest - Протестированы экстремальные значения: x=4.9E-324, y=1.7976931348623157E308
2025-11-07 19:18:22.584 [main] DEBUG r.s.t.c.laba2.jdbc.PointDAOTest - Протестированы экстремальные значения: x=-1.7976931348623157E308, y=4.9E-324
2025-11-07 19:18:22.684 [main] DEBUG r.s.t.c.laba2.jdbc.PointDAOTest - Протестированы экстремальные значения: x=0.0, y=0.0
2025-11-07 19:18:22.775 [main] DEBUG r.s.t.c.laba2.jdbc.PointDAOTest - Протестированы экстремальные значения: x=-1.0E-10, y=1.0E10
2025-11-07 19:18:22.825 [main] DEBUG r.s.t.c.laba2.jdbc.PointDAOTest - Протестированы экстремальные значения: x=3.141592653589793, y=2.718281828459045
2025-11-07 19:18:22.825 [main] INFO  r.s.t.c.laba2.jdbc.PointDAOTest - Все экстремальные значения обработаны успешно
2025-11-07 19:18:22.826 [main] INFO  r.s.t.c.laba2.jdbc.PointDAOTest - Запуск теста: удаление всех точек функции
2025-11-07 19:18:23.041 [main] INFO  r.s.t.c.laba2.jdbc.PointDAOTest - Успешно удалено 4 точек функции с ID: 201
2025-11-07 19:18:23.045 [main] INFO  r.s.t.c.laba2.jdbc.PointDAOTest - Запуск теста: удаление основной тестовой точки по ID
2025-11-07 19:18:23.067 [main] INFO  r.s.t.c.laba2.jdbc.PointDAOTest - Запуск теста производительности: поиск всех точек
2025-11-07 19:18:23.082 [main] INFO  r.s.t.c.laba2.jdbc.PointDAOTest - Поиск всех точек выполнен за 14 мс. Найдено 8 записей
2025-11-07 19:18:23.083 [main] INFO  r.s.t.c.laba2.jdbc.PointDAOTest - Запуск теста: симуляция математических функций
2025-11-07 19:18:23.108 [main] DEBUG r.s.t.c.laba2.jdbc.PointDAOTest - Создана линейная функция y = 2.0x + 1.0 с 11 точками
2025-11-07 19:18:23.142 [main] DEBUG r.s.t.c.laba2.jdbc.PointDAOTest - Создана квадратичная функция y = 1.0x^2 + 0.0x + 0.0 с 11 точками
2025-11-07 19:18:23.175 [main] DEBUG r.s.t.c.laba2.jdbc.PointDAOTest - Создана синусоида y = 1.0*sin(1.0*x) с 21 точками
2025-11-07 19:18:23.192 [main] INFO  r.s.t.c.laba2.jdbc.PointDAOTest - Симуляция математических функций завершена успешно
2025-11-07 19:18:23.194 [main] INFO  r.s.t.c.laba2.jdbc.PointDAOTest - Завершение тестов PointDAO
2025-11-07 19:19:35.186 [main] INFO  r.s.t.c.laba2.jdbc.PointDAOTest - Инициализация тестового окружения PointDAO
2025-11-07 19:19:35.202 [main] DEBUG r.s.t.c.laba2.jdbc.PointDAOTest - Создана тестовая точка: Point{id=null, functionId=1, x=30,34, y=37,89}
2025-11-07 19:19:35.214 [main] INFO  r.s.t.c.laba2.jdbc.PointDAOTest - Запуск теста: создание точки
2025-11-07 19:19:35.482 [main] INFO  r.s.t.c.laba2.jdbc.PointDAOTest - Успешно создана точка с ID: 169
2025-11-07 19:19:35.498 [main] INFO  r.s.t.c.laba2.jdbc.PointDAOTest - Запуск теста: поиск точки по ID
2025-11-07 19:19:35.542 [main] DEBUG r.s.t.c.laba2.jdbc.PointDAOTest - Найдена точка: Point{id=169, functionId=1, x=30,34, y=37,89}
2025-11-07 19:19:35.544 [main] INFO  r.s.t.c.laba2.jdbc.PointDAOTest - Запуск теста: поиск точек по ID функции
2025-11-07 19:19:35.571 [main] INFO  r.s.t.c.laba2.jdbc.PointDAOTest - Найдено 9 точек для функции с ID: 1
2025-11-07 19:19:35.573 [main] INFO  r.s.t.c.laba2.jdbc.PointDAOTest - Запуск теста: поиск точек по диапазону X значений
2025-11-07 19:19:35.668 [main] INFO  r.s.t.c.laba2.jdbc.PointDAOTest - Найдено 2 точек в диапазоне X [20, 40]
2025-11-07 19:19:35.743 [main] INFO  r.s.t.c.laba2.jdbc.PointDAOTest - Запуск теста: поиск точек по диапазону Y значений
2025-11-07 19:19:35.834 [main] INFO  r.s.t.c.laba2.jdbc.PointDAOTest - Найдено 1 точек в диапазоне Y [-5, 5]
2025-11-07 19:19:35.909 [main] INFO  r.s.t.c.laba2.jdbc.PointDAOTest - Запуск теста: поиск точки по functionId и X значению
2025-11-07 19:19:35.949 [main] DEBUG r.s.t.c.laba2.jdbc.PointDAOTest - Найдена точка по functionId и X: Point{id=176, functionId=1, x=123,46, y=789,01}
2025-11-07 19:19:35.977 [main] INFO  r.s.t.c.laba2.jdbc.PointDAOTest - Запуск теста: массовое добавление точек
2025-11-07 19:19:36.014 [main] INFO  r.s.t.c.laba2.jdbc.PointDAOTest - Массовое добавление 10 точек выполнено за 21 мс
2025-11-07 19:19:36.037 [main] INFO  r.s.t.c.laba2.jdbc.PointDAOTest - Запуск теста: обновление точки
2025-11-07 19:19:36.099 [main] INFO  r.s.t.c.laba2.jdbc.PointDAOTest - Запуск теста: обновление только Y значения точки
2025-11-07 19:19:36.119 [main] INFO  r.s.t.c.laba2.jdbc.PointDAOTest - Запуск теста: подсчет количества точек функции
2025-11-07 19:19:36.216 [main] INFO  r.s.t.c.laba2.jdbc.PointDAOTest - Количество точек функции: до=0, после=3
2025-11-07 19:19:36.243 [main] INFO  r.s.t.c.laba2.jdbc.PointDAOTest - Запуск теста: проверка существования точки по functionId и X
2025-11-07 19:19:36.263 [main] INFO  r.s.t.c.laba2.jdbc.PointDAOTest - Запуск теста: получение диапазона X для функции
2025-11-07 19:19:36.337 [main] INFO  r.s.t.c.laba2.jdbc.PointDAOTest - Диапазон X для функции: min=-100.0, max=100.0
2025-11-07 19:19:36.358 [main] INFO  r.s.t.c.laba2.jdbc.PointDAOTest - Запуск теста: создание нескольких точек с Faker
2025-11-07 19:19:36.383 [main] DEBUG r.s.t.c.laba2.jdbc.PointDAOTest - Создана случайная точка #1/8: Point{id=193, functionId=1, x=-76,53, y=-42,20}
2025-11-07 19:19:36.408 [main] DEBUG r.s.t.c.laba2.jdbc.PointDAOTest - Создана случайная точка #2/8: Point{id=194, functionId=1, x=8,14, y=-5,98}
2025-11-07 19:19:36.433 [main] DEBUG r.s.t.c.laba2.jdbc.PointDAOTest - Создана случайная точка #3/8: Point{id=195, functionId=1, x=-77,92, y=-79,44}
2025-11-07 19:19:36.458 [main] DEBUG r.s.t.c.laba2.jdbc.PointDAOTest - Создана случайная точка #4/8: Point{id=196, functionId=1, x=-54,16, y=-64,67}
2025-11-07 19:19:36.474 [main] DEBUG r.s.t.c.laba2.jdbc.PointDAOTest - Создана случайная точка #5/8: Point{id=197, functionId=1, x=48,89, y=-39,04}
2025-11-07 19:19:36.491 [main] DEBUG r.s.t.c.laba2.jdbc.PointDAOTest - Создана случайная точка #6/8: Point{id=198, functionId=1, x=-69,79, y=-82,88}
2025-11-07 19:19:36.507 [main] DEBUG r.s.t.c.laba2.jdbc.PointDAOTest - Создана случайная точка #7/8: Point{id=199, functionId=1, x=-40,22, y=-67,36}
2025-11-07 19:19:36.525 [main] DEBUG r.s.t.c.laba2.jdbc.PointDAOTest - Создана случайная точка #8/8: Point{id=200, functionId=1, x=-22,95, y=-66,52}
2025-11-07 19:19:36.527 [main] INFO  r.s.t.c.laba2.jdbc.PointDAOTest - Успешно создано 8 случайных точек
2025-11-07 19:19:36.531 [main] INFO  r.s.t.c.laba2.jdbc.PointDAOTest - Запуск теста: получение всех точек
2025-11-07 19:19:36.582 [main] INFO  r.s.t.c.laba2.jdbc.PointDAOTest - Запуск теста: проверка граничных случаев
2025-11-07 19:19:36.679 [main] INFO  r.s.t.c.laba2.jdbc.PointDAOTest - Все граничные случаи обработаны корректно
2025-11-07 19:19:36.681 [main] INFO  r.s.t.c.laba2.jdbc.PointDAOTest - Запуск теста: создание точек с экстремальными значениями
2025-11-07 19:19:36.734 [main] DEBUG r.s.t.c.laba2.jdbc.PointDAOTest - Протестированы экстремальные значения: x=4.9E-324, y=1.7976931348623157E308
2025-11-07 19:19:36.832 [main] DEBUG r.s.t.c.laba2.jdbc.PointDAOTest - Протестированы экстремальные значения: x=-1.7976931348623157E308, y=4.9E-324
2025-11-07 19:19:36.883 [main] DEBUG r.s.t.c.laba2.jdbc.PointDAOTest - Протестированы экстремальные значения: x=0.0, y=0.0
2025-11-07 19:19:36.974 [main] DEBUG r.s.t.c.laba2.jdbc.PointDAOTest - Протестированы экстремальные значения: x=-1.0E-10, y=1.0E10
2025-11-07 19:19:37.067 [main] DEBUG r.s.t.c.laba2.jdbc.PointDAOTest - Протестированы экстремальные значения: x=3.141592653589793, y=2.718281828459045
2025-11-07 19:19:37.067 [main] INFO  r.s.t.c.laba2.jdbc.PointDAOTest - Все экстремальные значения обработаны успешно
2025-11-07 19:19:37.071 [main] INFO  r.s.t.c.laba2.jdbc.PointDAOTest - Запуск теста: удаление всех точек функции
2025-11-07 19:19:37.262 [main] INFO  r.s.t.c.laba2.jdbc.PointDAOTest - Успешно удалено 4 точек функции с ID: 201
2025-11-07 19:19:37.264 [main] INFO  r.s.t.c.laba2.jdbc.PointDAOTest - Запуск теста: удаление основной тестовой точки по ID
2025-11-07 19:19:37.280 [main] INFO  r.s.t.c.laba2.jdbc.PointDAOTest - Запуск теста производительности: поиск всех точек
2025-11-07 19:19:37.294 [main] INFO  r.s.t.c.laba2.jdbc.PointDAOTest - Поиск всех точек выполнен за 13 мс. Найдено 8 записей
2025-11-07 19:19:37.296 [main] INFO  r.s.t.c.laba2.jdbc.PointDAOTest - Запуск теста: симуляция математических функций
2025-11-07 19:19:37.316 [main] DEBUG r.s.t.c.laba2.jdbc.PointDAOTest - Создана линейная функция y = 2.0x + 1.0 с 11 точками
2025-11-07 19:19:37.349 [main] DEBUG r.s.t.c.laba2.jdbc.PointDAOTest - Создана квадратичная функция y = 1.0x^2 + 0.0x + 0.0 с 11 точками
2025-11-07 19:19:37.424 [main] DEBUG r.s.t.c.laba2.jdbc.PointDAOTest - Создана синусоида y = 1.0*sin(1.0*x) с 21 точками
2025-11-07 19:19:37.449 [main] INFO  r.s.t.c.laba2.jdbc.PointDAOTest - Симуляция математических функций завершена успешно
2025-11-07 19:19:37.452 [main] INFO  r.s.t.c.laba2.jdbc.PointDAOTest - Завершение тестов PointDAO
2025-11-07 19:22:22.933 [main] INFO  r.s.t.c.laba2.jdbc.PointDAOTest - Инициализация тестового окружения PointDAO
2025-11-07 19:22:22.950 [main] DEBUG r.s.t.c.laba2.jdbc.PointDAOTest - Создана тестовая точка: Point{id=null, functionId=1, x=9,11, y=-1,07}
2025-11-07 19:22:22.962 [main] INFO  r.s.t.c.laba2.jdbc.PointDAOTest - Диагностический тест: проверка подключения и базовых операций
2025-11-07 19:22:23.210 [main] INFO  r.s.t.c.laba2.jdbc.PointDAOTest - В базе найдено 8 точек
2025-11-07 19:22:23.272 [main] INFO  r.s.t.c.laba2.jdbc.PointDAOTest - Успешно создана точка с ID: 253
2025-11-07 19:22:23.296 [main] INFO  r.s.t.c.laba2.jdbc.PointDAOTest - Результат обновления: true
2025-11-07 19:22:23.319 [main] INFO  r.s.t.c.laba2.jdbc.PointDAOTest - Точка после обновления: Point{id=253, functionId=2, x=999,00, y=888,00}
2025-11-07 19:22:23.351 [main] INFO  r.s.t.c.laba2.jdbc.PointDAOTest - Тестовая точка удалена
2025-11-07 19:22:23.360 [main] INFO  r.s.t.c.laba2.jdbc.PointDAOTest - Завершение тестов PointDAO
2025-11-07 19:22:58.118 [main] INFO  r.s.t.c.laba2.jdbc.PointDAOTest - Инициализация тестового окружения PointDAO
2025-11-07 19:22:58.144 [main] DEBUG r.s.t.c.laba2.jdbc.PointDAOTest - Создана тестовая точка: Point{id=null, functionId=1, x=5,39, y=-57,95}
2025-11-07 19:22:58.158 [main] INFO  r.s.t.c.laba2.jdbc.PointDAOTest - Запуск теста: обновление только Y значения точки
2025-11-07 19:22:58.430 [main] INFO  r.s.t.c.laba2.jdbc.PointDAOTest - Создана точка для теста обновления Y: Point{id=254, functionId=1, x=74,27, y=41,87}
2025-11-07 19:22:58.431 [main] DEBUG r.s.t.c.laba2.jdbc.PointDAOTest - Обновление Y значения: 41.872 -> -29.413 для точки ID: 254
2025-11-07 19:22:58.504 [main] INFO  r.s.t.c.laba2.jdbc.PointDAOTest - Y значение успешно обновлено: 41.872 -> -29.413
2025-11-07 19:22:58.504 [main] DEBUG r.s.t.c.laba2.jdbc.PointDAOTest - Точка после обновления Y: Point{id=254, functionId=1, x=74,27, y=-29,41}
2025-11-07 19:22:58.552 [main] INFO  r.s.t.c.laba2.jdbc.PointDAOTest - Завершение тестов PointDAO
2025-11-07 19:23:04.263 [main] INFO  r.s.t.c.laba2.jdbc.PointDAOTest - Инициализация тестового окружения PointDAO
2025-11-07 19:23:04.284 [main] DEBUG r.s.t.c.laba2.jdbc.PointDAOTest - Создана тестовая точка: Point{id=null, functionId=1, x=10,39, y=60,19}
2025-11-07 19:23:04.294 [main] INFO  r.s.t.c.laba2.jdbc.PointDAOTest - Запуск теста: создание точки
2025-11-07 19:23:04.596 [main] INFO  r.s.t.c.laba2.jdbc.PointDAOTest - Успешно создана точка с ID: 255
2025-11-07 19:23:04.640 [main] INFO  r.s.t.c.laba2.jdbc.PointDAOTest - Запуск теста: поиск точки по ID
2025-11-07 19:23:04.711 [main] DEBUG r.s.t.c.laba2.jdbc.PointDAOTest - Найдена точка: Point{id=255, functionId=1, x=10,39, y=60,19}
2025-11-07 19:23:04.713 [main] INFO  r.s.t.c.laba2.jdbc.PointDAOTest - Запуск теста: поиск точек по ID функции
2025-11-07 19:23:04.736 [main] INFO  r.s.t.c.laba2.jdbc.PointDAOTest - Найдено 9 точек для функции с ID: 1
2025-11-07 19:23:04.738 [main] INFO  r.s.t.c.laba2.jdbc.PointDAOTest - Запуск теста: поиск точек по диапазону X значений
2025-11-07 19:23:04.830 [main] INFO  r.s.t.c.laba2.jdbc.PointDAOTest - Найдено 1 точек в диапазоне X [20, 40]
2025-11-07 19:23:04.907 [main] INFO  r.s.t.c.laba2.jdbc.PointDAOTest - Запуск теста: поиск точек по диапазону Y значений
2025-11-07 19:23:04.996 [main] INFO  r.s.t.c.laba2.jdbc.PointDAOTest - Найдено 1 точек в диапазоне Y [-5, 5]
2025-11-07 19:23:05.072 [main] INFO  r.s.t.c.laba2.jdbc.PointDAOTest - Запуск теста: поиск точки по functionId и X значению
2025-11-07 19:23:05.112 [main] DEBUG r.s.t.c.laba2.jdbc.PointDAOTest - Найдена точка по functionId и X: Point{id=262, functionId=1, x=123,46, y=789,01}
2025-11-07 19:23:05.141 [main] INFO  r.s.t.c.laba2.jdbc.PointDAOTest - Запуск теста: массовое добавление точек
2025-11-07 19:23:05.186 [main] INFO  r.s.t.c.laba2.jdbc.PointDAOTest - Массовое добавление 10 точек выполнено за 29 мс
2025-11-07 19:23:05.205 [main] INFO  r.s.t.c.laba2.jdbc.PointDAOTest - Диагностический тест: проверка подключения и базовых операций
2025-11-07 19:23:05.221 [main] INFO  r.s.t.c.laba2.jdbc.PointDAOTest - В базе найдено 0 точек
2025-11-07 19:23:05.246 [main] INFO  r.s.t.c.laba2.jdbc.PointDAOTest - Успешно создана точка с ID: 273
2025-11-07 19:23:05.271 [main] INFO  r.s.t.c.laba2.jdbc.PointDAOTest - Результат обновления: true
2025-11-07 19:23:05.285 [main] INFO  r.s.t.c.laba2.jdbc.PointDAOTest - Точка после обновления: Point{id=273, functionId=2, x=999,00, y=888,00}
2025-11-07 19:23:05.304 [main] INFO  r.s.t.c.laba2.jdbc.PointDAOTest - Тестовая точка удалена
2025-11-07 19:23:05.306 [main] INFO  r.s.t.c.laba2.jdbc.PointDAOTest - Запуск теста: обновление только Y значения точки
2025-11-07 19:23:05.329 [main] INFO  r.s.t.c.laba2.jdbc.PointDAOTest - Создана точка для теста обновления Y: Point{id=274, functionId=1, x=42,43, y=12,07}
2025-11-07 19:23:05.330 [main] DEBUG r.s.t.c.laba2.jdbc.PointDAOTest - Обновление Y значения: 12.067 -> -97.542 для точки ID: 274
2025-11-07 19:23:05.371 [main] INFO  r.s.t.c.laba2.jdbc.PointDAOTest - Y значение успешно обновлено: 12.067 -> -97.542
2025-11-07 19:23:05.371 [main] DEBUG r.s.t.c.laba2.jdbc.PointDAOTest - Точка после обновления Y: Point{id=274, functionId=1, x=42,43, y=-97,54}
2025-11-07 19:23:05.398 [main] INFO  r.s.t.c.laba2.jdbc.PointDAOTest - Запуск теста: подсчет количества точек функции
2025-11-07 19:23:05.498 [main] INFO  r.s.t.c.laba2.jdbc.PointDAOTest - Количество точек функции: до=0, после=3
2025-11-07 19:23:05.522 [main] INFO  r.s.t.c.laba2.jdbc.PointDAOTest - Запуск теста: получение диапазона X для функции
2025-11-07 19:23:05.603 [main] INFO  r.s.t.c.laba2.jdbc.PointDAOTest - Диапазон X для функции: min=-100.0, max=100.0
2025-11-07 19:23:05.622 [main] INFO  r.s.t.c.laba2.jdbc.PointDAOTest - Запуск теста: создание нескольких точек с Faker
2025-11-07 19:23:05.646 [main] DEBUG r.s.t.c.laba2.jdbc.PointDAOTest - Создана случайная точка #1/8: Point{id=281, functionId=1, x=-61,42, y=-53,70}
2025-11-07 19:23:05.671 [main] DEBUG r.s.t.c.laba2.jdbc.PointDAOTest - Создана случайная точка #2/8: Point{id=282, functionId=1, x=-66,84, y=-61,69}
2025-11-07 19:23:05.687 [main] DEBUG r.s.t.c.laba2.jdbc.PointDAOTest - Создана случайная точка #3/8: Point{id=283, functionId=1, x=32,16, y=-82,10}
2025-11-07 19:23:05.704 [main] DEBUG r.s.t.c.laba2.jdbc.PointDAOTest - Создана случайная точка #4/8: Point{id=284, functionId=1, x=-41,89, y=-44,47}
2025-11-07 19:23:05.721 [main] DEBUG r.s.t.c.laba2.jdbc.PointDAOTest - Создана случайная точка #5/8: Point{id=285, functionId=1, x=55,93, y=-11,61}
2025-11-07 19:23:05.737 [main] DEBUG r.s.t.c.laba2.jdbc.PointDAOTest - Создана случайная точка #6/8: Point{id=286, functionId=1, x=8,09, y=-46,43}
2025-11-07 19:23:05.754 [main] DEBUG r.s.t.c.laba2.jdbc.PointDAOTest - Создана случайная точка #7/8: Point{id=287, functionId=1, x=39,62, y=52,68}
2025-11-07 19:23:05.771 [main] DEBUG r.s.t.c.laba2.jdbc.PointDAOTest - Создана случайная точка #8/8: Point{id=288, functionId=1, x=81,48, y=38,24}
2025-11-07 19:23:05.771 [main] INFO  r.s.t.c.laba2.jdbc.PointDAOTest - Успешно создано 8 случайных точек
2025-11-07 19:23:05.772 [main] INFO  r.s.t.c.laba2.jdbc.PointDAOTest - Запуск теста: проверка граничных случаев
2025-11-07 19:23:05.858 [main] INFO  r.s.t.c.laba2.jdbc.PointDAOTest - Все граничные случаи обработаны корректно
2025-11-07 19:23:05.859 [main] INFO  r.s.t.c.laba2.jdbc.PointDAOTest - Запуск теста: создание точек с экстремальными значениями
2025-11-07 19:23:05.912 [main] DEBUG r.s.t.c.laba2.jdbc.PointDAOTest - Протестированы экстремальные значения: x=4.9E-324, y=1.7976931348623157E308
2025-11-07 19:23:05.971 [main] DEBUG r.s.t.c.laba2.jdbc.PointDAOTest - Протестированы экстремальные значения: x=-1.7976931348623157E308, y=4.9E-324
2025-11-07 19:23:06.021 [main] DEBUG r.s.t.c.laba2.jdbc.PointDAOTest - Протестированы экстремальные значения: x=0.0, y=0.0
2025-11-07 19:23:06.121 [main] DEBUG r.s.t.c.laba2.jdbc.PointDAOTest - Протестированы экстремальные значения: x=-1.0E-10, y=1.0E10
2025-11-07 19:23:06.222 [main] DEBUG r.s.t.c.laba2.jdbc.PointDAOTest - Протестированы экстремальные значения: x=3.141592653589793, y=2.718281828459045
2025-11-07 19:23:06.222 [main] INFO  r.s.t.c.laba2.jdbc.PointDAOTest - Все экстремальные значения обработаны успешно
2025-11-07 19:23:06.228 [main] INFO  r.s.t.c.laba2.jdbc.PointDAOTest - Запуск теста: удаление всех точек функции
2025-11-07 19:23:06.376 [main] INFO  r.s.t.c.laba2.jdbc.PointDAOTest - Успешно удалено 4 точек функции с ID: 201
2025-11-07 19:23:06.378 [main] INFO  r.s.t.c.laba2.jdbc.PointDAOTest - Запуск теста производительности: поиск всех точек
2025-11-07 19:23:06.391 [main] INFO  r.s.t.c.laba2.jdbc.PointDAOTest - Поиск всех точек выполнен за 13 мс. Найдено 8 записей
2025-11-07 19:23:06.393 [main] INFO  r.s.t.c.laba2.jdbc.PointDAOTest - Запуск теста: симуляция математических функций
2025-11-07 19:23:06.412 [main] DEBUG r.s.t.c.laba2.jdbc.PointDAOTest - Создана линейная функция y = 2.0x + 1.0 с 11 точками
2025-11-07 19:23:06.446 [main] DEBUG r.s.t.c.laba2.jdbc.PointDAOTest - Создана квадратичная функция y = 1.0x^2 + 0.0x + 0.0 с 11 точками
2025-11-07 19:23:06.479 [main] DEBUG r.s.t.c.laba2.jdbc.PointDAOTest - Создана синусоида y = 1.0*sin(1.0*x) с 21 точками
2025-11-07 19:23:06.496 [main] INFO  r.s.t.c.laba2.jdbc.PointDAOTest - Симуляция математических функций завершена успешно
2025-11-07 19:23:06.498 [main] INFO  r.s.t.c.laba2.jdbc.PointDAOTest - Завершение тестов PointDAO
2025-11-07 23:10:46.702 [main] INFO  r.s.t.c.laba2.jdbc.UserDAOTest - Инициализация тестового окружения UserDAO
2025-11-07 23:10:46.840 [main] DEBUG r.s.t.c.laba2.jdbc.UserDAOTest - Создан тестовый пользователь: User{id=null, login='testuser_василий_кулаков_1762542646838', role=user, password='***'}
2025-11-07 23:10:46.878 [main] INFO  r.s.t.c.laba2.jdbc.UserDAOTest - Запуск теста: создание пользователя
2025-11-07 23:10:47.173 [main] INFO  r.s.t.c.laba2.jdbc.UserDAOTest - Успешно создан пользователь с ID: 1
2025-11-07 23:10:47.180 [main] INFO  r.s.t.c.laba2.jdbc.UserDAOTest - Запуск теста: поиск пользователя по ID
2025-11-07 23:10:47.225 [main] DEBUG r.s.t.c.laba2.jdbc.UserDAOTest - Найден пользователь: User{id=1, login='testuser_василий_кулаков_1762542646838', role=user, password='***'}
2025-11-07 23:10:47.227 [main] INFO  r.s.t.c.laba2.jdbc.UserDAOTest - Запуск теста: поиск пользователя по логину
2025-11-07 23:10:47.256 [main] DEBUG r.s.t.c.laba2.jdbc.UserDAOTest - Найден пользователь по логину testuser_василий_кулаков_1762542646838: User{id=1, login='testuser_василий_кулаков_1762542646838', role=user, password='***'}
2025-11-07 23:10:47.262 [main] INFO  r.s.t.c.laba2.jdbc.UserDAOTest - Запуск теста: получение всех пользователей
2025-11-07 23:10:47.293 [main] INFO  r.s.t.c.laba2.jdbc.UserDAOTest - Найдено 1 пользователей
2025-11-07 23:10:47.296 [main] INFO  r.s.t.c.laba2.jdbc.UserDAOTest - Запуск теста: поиск пользователей по роли
2025-11-07 23:10:47.348 [main] INFO  r.s.t.c.laba2.jdbc.UserDAOTest - Запуск теста: обновление пользователя
2025-11-07 23:10:47.404 [main] INFO  r.s.t.c.laba2.jdbc.UserDAOTest - Запуск теста: создание нескольких пользователей с Faker
2025-11-07 23:10:47.434 [main] DEBUG r.s.t.c.laba2.jdbc.UserDAOTest - Создан случайный пользователь #1/5: User{id=2, login='testuser_макар_артемьева_1762542647406', role=user, password='***'}
2025-11-07 23:10:47.517 [main] DEBUG r.s.t.c.laba2.jdbc.UserDAOTest - Создан случайный пользователь #2/5: User{id=3, login='testuser_валентин_родионова_1762542647436', role=admin, password='***'}
2025-11-07 23:10:47.574 [main] DEBUG r.s.t.c.laba2.jdbc.UserDAOTest - Создан случайный пользователь #3/5: User{id=4, login='testuser_алексей_ильин_1762542647519', role=admin, password='***'}
2025-11-07 23:10:47.607 [main] DEBUG r.s.t.c.laba2.jdbc.UserDAOTest - Создан случайный пользователь #4/5: User{id=5, login='testuser_регина_селиверстова_1762542647576', role=user, password='***'}
2025-11-07 23:10:47.632 [main] DEBUG r.s.t.c.laba2.jdbc.UserDAOTest - Создан случайный пользователь #5/5: User{id=6, login='testuser_егор_егорова_1762542647608', role=admin, password='***'}
2025-11-07 23:10:47.633 [main] INFO  r.s.t.c.laba2.jdbc.UserDAOTest - Успешно создано 5 случайных пользователей
2025-11-07 23:10:47.635 [main] INFO  r.s.t.c.laba2.jdbc.UserDAOTest - Запуск теста: поиск по ролям после создания нескольких пользователей
2025-11-07 23:10:47.677 [main] INFO  r.s.t.c.laba2.jdbc.UserDAOTest - Найдено 0 администраторов и 0 обычных пользователей
2025-11-07 23:10:47.678 [main] INFO  r.s.t.c.laba2.jdbc.UserDAOTest - Запуск теста: удаление пользователя по логину
2025-11-07 23:10:47.762 [main] INFO  r.s.t.c.laba2.jdbc.UserDAOTest - Пользователь с логином testuser_анжелика_колобов_1762542647679 успешно удален
2025-11-07 23:10:47.765 [main] INFO  r.s.t.c.laba2.jdbc.UserDAOTest - Запуск теста: удаление основного тестового пользователя по ID
2025-11-07 23:10:47.807 [main] INFO  r.s.t.c.laba2.jdbc.UserDAOTest - Основной тестовый пользователь с ID 1 успешно удален
2025-11-07 23:10:47.809 [main] INFO  r.s.t.c.laba2.jdbc.UserDAOTest - Запуск теста: проверка граничных случаев
2025-11-07 23:10:47.861 [main] INFO  r.s.t.c.laba2.jdbc.UserDAOTest - Все граничные случаи обработаны корректно
2025-11-07 23:10:47.862 [main] INFO  r.s.t.c.laba2.jdbc.UserDAOTest - Запуск теста: создание пользователя со специальными символами
2025-11-07 23:10:47.907 [main] INFO  r.s.t.c.laba2.jdbc.UserDAOTest - Тест со специальными символами завершен успешно
2025-11-07 23:10:47.909 [main] INFO  r.s.t.c.laba2.jdbc.UserDAOTest - Запуск теста производительности: поиск всех пользователей
2025-11-07 23:10:47.925 [main] INFO  r.s.t.c.laba2.jdbc.UserDAOTest - Поиск всех пользователей выполнен за 16 мс. Найдено 5 записей
2025-11-07 23:10:47.929 [main] INFO  r.s.t.c.laba2.jdbc.UserDAOTest - Завершение тестов UserDAO
2025-11-07 23:11:59.616 [main] INFO  r.s.t.c.laba2.jdbc.UserDAOTest - Инициализация тестового окружения UserDAO
2025-11-07 23:11:59.702 [main] DEBUG r.s.t.c.laba2.jdbc.UserDAOTest - Создан тестовый пользователь: User{id=null, login='testuser_александр_горбунов_1762542719699', role=user, password='***'}
2025-11-07 23:11:59.715 [main] INFO  r.s.t.c.laba2.jdbc.UserDAOTest - Запуск теста: создание пользователя
2025-11-07 23:12:00.055 [main] INFO  r.s.t.c.laba2.jdbc.UserDAOTest - Успешно создан пользователь с ID: 9
2025-11-07 23:12:00.061 [main] INFO  r.s.t.c.laba2.jdbc.UserDAOTest - Запуск теста: поиск пользователя по ID
2025-11-07 23:12:00.107 [main] DEBUG r.s.t.c.laba2.jdbc.UserDAOTest - Найден пользователь: User{id=9, login='testuser_александр_горбунов_1762542719699', role=user, password='***'}
2025-11-07 23:12:00.109 [main] INFO  r.s.t.c.laba2.jdbc.UserDAOTest - Запуск теста: поиск пользователя по логину
2025-11-07 23:12:00.131 [main] DEBUG r.s.t.c.laba2.jdbc.UserDAOTest - Найден пользователь по логину testuser_александр_горбунов_1762542719699: User{id=9, login='testuser_александр_горбунов_1762542719699', role=user, password='***'}
2025-11-07 23:12:00.132 [main] INFO  r.s.t.c.laba2.jdbc.UserDAOTest - Запуск теста: получение всех пользователей
2025-11-07 23:12:00.155 [main] INFO  r.s.t.c.laba2.jdbc.UserDAOTest - Найдено 6 пользователей
2025-11-07 23:12:00.156 [main] INFO  r.s.t.c.laba2.jdbc.UserDAOTest - Запуск теста: поиск пользователей по роли
2025-11-07 23:12:00.194 [main] INFO  r.s.t.c.laba2.jdbc.UserDAOTest - Запуск теста: обновление пользователя
2025-11-07 23:12:00.242 [main] INFO  r.s.t.c.laba2.jdbc.UserDAOTest - Запуск теста: создание нескольких пользователей с Faker
2025-11-07 23:12:00.265 [main] DEBUG r.s.t.c.laba2.jdbc.UserDAOTest - Создан случайный пользователь #1/5: User{id=10, login='testuser_роман_рябов_1762542720243', role=user, password='***'}
2025-11-07 23:12:00.289 [main] DEBUG r.s.t.c.laba2.jdbc.UserDAOTest - Создан случайный пользователь #2/5: User{id=11, login='testuser_ангелина_лазарева_1762542720265', role=user, password='***'}
2025-11-07 23:12:00.314 [main] DEBUG r.s.t.c.laba2.jdbc.UserDAOTest - Создан случайный пользователь #3/5: User{id=12, login='testuser_наталья_моисеева_1762542720289', role=user, password='***'}
2025-11-07 23:12:00.339 [main] DEBUG r.s.t.c.laba2.jdbc.UserDAOTest - Создан случайный пользователь #4/5: User{id=13, login='testuser_алексей_журавлев_1762542720314', role=admin, password='***'}
2025-11-07 23:12:00.364 [main] DEBUG r.s.t.c.laba2.jdbc.UserDAOTest - Создан случайный пользователь #5/5: User{id=14, login='testuser_оксана_суханова_1762542720339', role=admin, password='***'}
2025-11-07 23:12:00.364 [main] INFO  r.s.t.c.laba2.jdbc.UserDAOTest - Успешно создано 5 случайных пользователей
2025-11-07 23:12:00.366 [main] INFO  r.s.t.c.laba2.jdbc.UserDAOTest - Запуск теста: поиск по ролям после создания нескольких пользователей
2025-11-07 23:12:00.400 [main] INFO  r.s.t.c.laba2.jdbc.UserDAOTest - Найдено 0 администраторов и 0 обычных пользователей
2025-11-07 23:12:00.401 [main] INFO  r.s.t.c.laba2.jdbc.UserDAOTest - Запуск теста: удаление пользователя по логину
2025-11-07 23:12:00.465 [main] INFO  r.s.t.c.laba2.jdbc.UserDAOTest - Пользователь с логином testuser_тамара_симонова_1762542720402 успешно удален
2025-11-07 23:12:00.467 [main] INFO  r.s.t.c.laba2.jdbc.UserDAOTest - Запуск теста: удаление основного тестового пользователя по ID
2025-11-07 23:12:00.503 [main] INFO  r.s.t.c.laba2.jdbc.UserDAOTest - Основной тестовый пользователь с ID 9 успешно удален
2025-11-07 23:12:00.505 [main] INFO  r.s.t.c.laba2.jdbc.UserDAOTest - Запуск теста: проверка граничных случаев
2025-11-07 23:12:00.557 [main] INFO  r.s.t.c.laba2.jdbc.UserDAOTest - Все граничные случаи обработаны корректно
2025-11-07 23:12:00.559 [main] INFO  r.s.t.c.laba2.jdbc.UserDAOTest - Запуск теста: создание пользователя со специальными символами
2025-11-07 23:12:00.673 [main] INFO  r.s.t.c.laba2.jdbc.UserDAOTest - Тест со специальными символами завершен успешно
2025-11-07 23:12:00.676 [main] INFO  r.s.t.c.laba2.jdbc.UserDAOTest - Запуск теста производительности: поиск всех пользователей
2025-11-07 23:12:00.719 [main] INFO  r.s.t.c.laba2.jdbc.UserDAOTest - Поиск всех пользователей выполнен за 43 мс. Найдено 10 записей
2025-11-07 23:12:00.724 [main] INFO  r.s.t.c.laba2.jdbc.UserDAOTest - Завершение тестов UserDAO
2025-11-07 23:13:53.231 [main] INFO  r.s.t.c.laba2.jdbc.UserDAOTest - Инициализация тестового окружения UserDAO
2025-11-07 23:13:53.312 [main] DEBUG r.s.t.c.laba2.jdbc.UserDAOTest - Создан тестовый пользователь: User{id=null, login='testuser_ангелина_кузьмин_1762542833310', role=user, password='***'}
2025-11-07 23:13:53.320 [main] INFO  r.s.t.c.laba2.jdbc.UserDAOTest - Запуск теста: создание пользователя
2025-11-07 23:13:53.594 [main] INFO  r.s.t.c.laba2.jdbc.UserDAOTest - Успешно создан пользователь с ID: 17
2025-11-07 23:13:53.601 [main] INFO  r.s.t.c.laba2.jdbc.UserDAOTest - Запуск теста: поиск пользователя по ID
2025-11-07 23:13:53.644 [main] DEBUG r.s.t.c.laba2.jdbc.UserDAOTest - Найден пользователь: User{id=17, login='testuser_ангелина_кузьмин_1762542833310', role=user, password='***'}
2025-11-07 23:13:53.646 [main] INFO  r.s.t.c.laba2.jdbc.UserDAOTest - Запуск теста: поиск пользователя по логину
2025-11-07 23:13:53.671 [main] DEBUG r.s.t.c.laba2.jdbc.UserDAOTest - Найден пользователь по логину testuser_ангелина_кузьмин_1762542833310: User{id=17, login='testuser_ангелина_кузьмин_1762542833310', role=user, password='***'}
2025-11-07 23:13:53.673 [main] INFO  r.s.t.c.laba2.jdbc.UserDAOTest - Запуск теста: получение всех пользователей
2025-11-07 23:13:53.696 [main] INFO  r.s.t.c.laba2.jdbc.UserDAOTest - Найдено 11 пользователей
2025-11-07 23:13:53.698 [main] INFO  r.s.t.c.laba2.jdbc.UserDAOTest - Запуск теста: поиск пользователей по роли
2025-11-07 23:13:53.732 [main] INFO  r.s.t.c.laba2.jdbc.UserDAOTest - Запуск теста: обновление пользователя
2025-11-07 23:13:53.780 [main] INFO  r.s.t.c.laba2.jdbc.UserDAOTest - Пользователь успешно обновлен: User{id=17, login='testuser_алёна_андреева_1762542833733', role=admin, password='***'}
2025-11-07 23:13:53.782 [main] INFO  r.s.t.c.laba2.jdbc.UserDAOTest - Запуск теста: создание нескольких пользователей с Faker
2025-11-07 23:13:53.811 [main] DEBUG r.s.t.c.laba2.jdbc.UserDAOTest - Создан случайный пользователь #1/5: User{id=18, login='testuser_алина_веселов_1762542833782', role=user, password='***'}
2025-11-07 23:13:53.836 [main] DEBUG r.s.t.c.laba2.jdbc.UserDAOTest - Создан случайный пользователь #2/5: User{id=19, login='testuser_степан_комаров_1762542833811', role=user, password='***'}
2025-11-07 23:13:53.861 [main] DEBUG r.s.t.c.laba2.jdbc.UserDAOTest - Создан случайный пользователь #3/5: User{id=20, login='testuser_елизавета_макарова_1762542833836', role=user, password='***'}
2025-11-07 23:13:53.886 [main] DEBUG r.s.t.c.laba2.jdbc.UserDAOTest - Создан случайный пользователь #4/5: User{id=21, login='testuser_надежда_фомина_1762542833861', role=user, password='***'}
2025-11-07 23:13:53.911 [main] DEBUG r.s.t.c.laba2.jdbc.UserDAOTest - Создан случайный пользователь #5/5: User{id=22, login='testuser_алла_исаев_1762542833886', role=admin, password='***'}
2025-11-07 23:13:53.911 [main] INFO  r.s.t.c.laba2.jdbc.UserDAOTest - Успешно создано 5 случайных пользователей
2025-11-07 23:13:53.913 [main] INFO  r.s.t.c.laba2.jdbc.UserDAOTest - Запуск теста: поиск по ролям после создания нескольких пользователей
2025-11-07 23:13:53.947 [main] INFO  r.s.t.c.laba2.jdbc.UserDAOTest - Найдено 0 администраторов и 0 обычных пользователей
2025-11-07 23:13:53.949 [main] INFO  r.s.t.c.laba2.jdbc.UserDAOTest - Запуск теста: удаление пользователя по логину
2025-11-07 23:13:54.021 [main] INFO  r.s.t.c.laba2.jdbc.UserDAOTest - Пользователь с логином testuser_виктор_федосеев_1762542833954 успешно удален
2025-11-07 23:13:54.025 [main] INFO  r.s.t.c.laba2.jdbc.UserDAOTest - Запуск теста: удаление основного тестового пользователя по ID
2025-11-07 23:13:54.059 [main] INFO  r.s.t.c.laba2.jdbc.UserDAOTest - Основной тестовый пользователь с ID 17 успешно удален
2025-11-07 23:13:54.060 [main] INFO  r.s.t.c.laba2.jdbc.UserDAOTest - Запуск теста: проверка граничных случаев
2025-11-07 23:13:54.106 [main] INFO  r.s.t.c.laba2.jdbc.UserDAOTest - Все граничные случаи обработаны корректно
2025-11-07 23:13:54.108 [main] INFO  r.s.t.c.laba2.jdbc.UserDAOTest - Запуск теста: создание пользователя со специальными символами
2025-11-07 23:13:54.144 [main] INFO  r.s.t.c.laba2.jdbc.UserDAOTest - Тест со специальными символами завершен успешно
2025-11-07 23:13:54.145 [main] INFO  r.s.t.c.laba2.jdbc.UserDAOTest - Запуск теста производительности: поиск всех пользователей
2025-11-07 23:13:54.161 [main] INFO  r.s.t.c.laba2.jdbc.UserDAOTest - Поиск всех пользователей выполнен за 15 мс. Найдено 15 записей
2025-11-07 23:13:54.163 [main] INFO  r.s.t.c.laba2.jdbc.UserDAOTest - Завершение тестов UserDAO
2025-11-07 23:15:58.831 [main] INFO  r.s.t.c.laba2.jdbc.UserDAOTest - Инициализация тестового окружения UserDAO
2025-11-07 23:15:58.920 [main] INFO  r.s.t.c.laba2.jdbc.UserDAOTest - Завершение тестов UserDAO
2025-11-07 23:16:07.226 [main] INFO  r.s.t.c.laba2.jdbc.UserDAOTest - Инициализация тестового окружения UserDAO
2025-11-07 23:16:07.304 [main] INFO  r.s.t.c.laba2.jdbc.UserDAOTest - Завершение тестов UserDAO
2025-11-07 23:17:12.959 [main] INFO  r.s.t.c.laba2.jdbc.UserDAOTest - Инициализация тестового окружения UserDAO
2025-11-07 23:17:13.042 [main] INFO  r.s.t.c.laba2.jdbc.UserDAOTest - Завершение тестов UserDAO
2025-11-07 23:17:38.432 [main] INFO  r.s.t.c.laba2.jdbc.UserDAOTest - Инициализация тестового окружения UserDAO
2025-11-07 23:17:38.512 [main] INFO  r.s.t.c.laba2.jdbc.UserDAOTest - Завершение тестов UserDAO
2025-11-07 23:20:00.938 [main] INFO  r.s.t.c.laba2.jdbc.UserDAOTest - Инициализация тестового окружения UserDAO
2025-11-07 23:20:01.022 [main] DEBUG r.s.t.c.laba2.jdbc.UserDAOTest - Создан тестовый пользователь: User{id=null, login='testuser_евгения_орлова_1762543201020', role=user, password='***'}
2025-11-07 23:20:01.043 [main] INFO  r.s.t.c.laba2.jdbc.UserDAOTest - Завершение тестов UserDAO
2025-11-07 23:20:34.617 [main] INFO  r.s.t.c.laba2.jdbc.UserDAOTest - Инициализация тестового окружения UserDAO
2025-11-07 23:20:34.688 [main] DEBUG r.s.t.c.laba2.jdbc.UserDAOTest - Создан тестовый пользователь: User{id=null, login='testuser_валерий_боброва_1762543234686', role=user, password='***'}
2025-11-07 23:20:34.708 [main] INFO  r.s.t.c.laba2.jdbc.UserDAOTest - Завершение тестов UserDAO
2025-11-07 23:21:43.155 [main] INFO  r.s.t.c.laba2.jdbc.UserDAOTest - Инициализация тестового окружения UserDAO
2025-11-07 23:21:43.230 [main] DEBUG r.s.t.c.laba2.jdbc.UserDAOTest - Создан тестовый пользователь: User{id=null, login='testuser_анна_рожков_1762543303228', role=user, password='***'}
2025-11-07 23:21:43.238 [main] INFO  r.s.t.c.laba2.jdbc.UserDAOTest - Запуск теста: создание пользователя
2025-11-07 23:21:43.498 [main] INFO  r.s.t.c.laba2.jdbc.UserDAOTest - Успешно создан пользователь с ID: 25
2025-11-07 23:21:43.505 [main] INFO  r.s.t.c.laba2.jdbc.UserDAOTest - Запуск теста: поиск пользователя по ID
2025-11-07 23:21:43.552 [main] DEBUG r.s.t.c.laba2.jdbc.UserDAOTest - Найден пользователь: User{id=25, login='testuser_анна_рожков_1762543303228', role=user, password='***'}
2025-11-07 23:21:43.555 [main] INFO  r.s.t.c.laba2.jdbc.UserDAOTest - Запуск теста: поиск пользователя по логину
2025-11-07 23:21:43.580 [main] DEBUG r.s.t.c.laba2.jdbc.UserDAOTest - Найден пользователь по логину testuser_анна_рожков_1762543303228: User{id=25, login='testuser_анна_рожков_1762543303228', role=user, password='***'}
2025-11-07 23:21:43.583 [main] INFO  r.s.t.c.laba2.jdbc.UserDAOTest - Запуск теста: получение всех пользователей
2025-11-07 23:21:43.607 [main] INFO  r.s.t.c.laba2.jdbc.UserDAOTest - Найдено 16 пользователей
2025-11-07 23:21:43.609 [main] INFO  r.s.t.c.laba2.jdbc.UserDAOTest - Запуск теста: обновление пользователя
2025-11-07 23:21:43.659 [main] INFO  r.s.t.c.laba2.jdbc.UserDAOTest - Пользователь успешно обновлен: User{id=25, login='testuser_наталья_соловьев_1762543303610', role=admin, password='***'}
2025-11-07 23:21:43.660 [main] INFO  r.s.t.c.laba2.jdbc.UserDAOTest - Запуск теста: создание нескольких пользователей с Faker
2025-11-07 23:21:43.690 [main] DEBUG r.s.t.c.laba2.jdbc.UserDAOTest - Создан случайный пользователь #1/5: User{id=26, login='testuser_арина_рыбакова_1762543303661', role=admin, password='***'}
2025-11-07 23:21:43.715 [main] DEBUG r.s.t.c.laba2.jdbc.UserDAOTest - Создан случайный пользователь #2/5: User{id=27, login='testuser_фёдор_ефимов_1762543303690', role=admin, password='***'}
2025-11-07 23:21:43.739 [main] DEBUG r.s.t.c.laba2.jdbc.UserDAOTest - Создан случайный пользователь #3/5: User{id=28, login='testuser_никита_тарасов_1762543303716', role=admin, password='***'}
2025-11-07 23:21:43.764 [main] DEBUG r.s.t.c.laba2.jdbc.UserDAOTest - Создан случайный пользователь #4/5: User{id=29, login='testuser_вероника_титов_1762543303740', role=user, password='***'}
2025-11-07 23:21:43.790 [main] DEBUG r.s.t.c.laba2.jdbc.UserDAOTest - Создан случайный пользователь #5/5: User{id=30, login='testuser_виктор_фокина_1762543303765', role=user, password='***'}
2025-11-07 23:21:43.790 [main] INFO  r.s.t.c.laba2.jdbc.UserDAOTest - Успешно создано 5 случайных пользователей
2025-11-07 23:21:43.792 [main] INFO  r.s.t.c.laba2.jdbc.UserDAOTest - Запуск теста: поиск по ролям после создания нескольких пользователей
2025-11-07 23:21:43.831 [main] INFO  r.s.t.c.laba2.jdbc.UserDAOTest - Найдено 0 администраторов и 0 обычных пользователей
2025-11-07 23:21:43.833 [main] INFO  r.s.t.c.laba2.jdbc.UserDAOTest - Запуск теста: удаление пользователя по логину
2025-11-07 23:21:43.899 [main] INFO  r.s.t.c.laba2.jdbc.UserDAOTest - Пользователь с логином testuser_игорь_егорова_1762543303834 успешно удален
2025-11-07 23:21:43.900 [main] INFO  r.s.t.c.laba2.jdbc.UserDAOTest - Запуск теста: удаление основного тестового пользователя по ID
2025-11-07 23:21:43.941 [main] INFO  r.s.t.c.laba2.jdbc.UserDAOTest - Основной тестовый пользователь с ID 25 успешно удален
2025-11-07 23:21:43.942 [main] INFO  r.s.t.c.laba2.jdbc.UserDAOTest - Запуск теста: проверка граничных случаев
2025-11-07 23:21:43.992 [main] INFO  r.s.t.c.laba2.jdbc.UserDAOTest - Все граничные случаи обработаны корректно
2025-11-07 23:21:43.994 [main] INFO  r.s.t.c.laba2.jdbc.UserDAOTest - Запуск теста: создание пользователя со специальными символами
2025-11-07 23:21:44.039 [main] INFO  r.s.t.c.laba2.jdbc.UserDAOTest - Тест со специальными символами завершен успешно
2025-11-07 23:21:44.041 [main] INFO  r.s.t.c.laba2.jdbc.UserDAOTest - Запуск теста производительности: поиск всех пользователей
2025-11-07 23:21:44.057 [main] INFO  r.s.t.c.laba2.jdbc.UserDAOTest - Поиск всех пользователей выполнен за 16 мс. Найдено 20 записей
2025-11-07 23:21:44.059 [main] INFO  r.s.t.c.laba2.jdbc.UserDAOTest - Завершение тестов UserDAO
